<?xml version="1.0" encoding="UTF-8"?>
<!-- Generated by org.testng.reporters.JUnitXMLReporter -->
<testsuite hostname="LAPTOP-QVT8F5FR" ignored="0" name="Test" tests="5" failures="0" timestamp="06 Mar 2020 09:29:18 GMT" time="409.405" errors="0">
  <testcase name="feature" time="81.206" classname="com.testautomation.TestRunner.TestRunner"/>
  <testcase name="feature" time="85.797" classname="com.testautomation.TestRunner.TestRunner"/>
  <testcase name="feature" time="81.285" classname="com.testautomation.TestRunner.TestRunner"/>
  <testcase name="feature" time="80.219" classname="com.testautomation.TestRunner.TestRunner"/>
  <testcase name="feature" time="80.533" classname="com.testautomation.TestRunner.TestRunner"/>
</testsuite> <!-- Test -->
