<?xml version="1.0" encoding="UTF-8"?>
<testng-results skipped="0" failed="0" ignored="0" total="5" passed="5">
  <reporter-output>
  </reporter-output>
  <suite name="Suite" duration-ms="409405" started-at="2020-03-06T09:22:29Z" finished-at="2020-03-06T09:29:18Z">
    <groups>
    </groups>
    <test name="Test" duration-ms="409405" started-at="2020-03-06T09:22:29Z" finished-at="2020-03-06T09:29:18Z">
      <class name="com.testautomation.TestRunner.TestRunner">
        <test-method status="PASS" signature="setUpClass()[pri:0, instance:com.testautomation.TestRunner.TestRunner@33afa13b]" name="setUpClass" is-config="true" duration-ms="111" started-at="2020-03-06T17:22:29Z" finished-at="2020-03-06T17:22:29Z">
          <reporter-output>
          </reporter-output>
        </test-method> <!-- setUpClass -->
        <test-method status="PASS" signature="feature(cucumber.api.testng.PickleEventWrapper, cucumber.api.testng.CucumberFeatureWrapper)[pri:0, instance:com.testautomation.TestRunner.TestRunner@33afa13b]" name="feature" duration-ms="81206" started-at="2020-03-06T17:22:29Z" data-provider="features" finished-at="2020-03-06T17:23:50Z">
          <params>
            <param index="0">
              <value>
                <![CDATA["To validate first option"]]>
              </value>
            </param>
            <param index="1">
              <value>
                <![CDATA["To verify the four options of retirement goal"]]>
              </value>
            </param>
          </params>
          <reporter-output>
          </reporter-output>
        </test-method> <!-- feature -->
        <test-method status="PASS" signature="feature(cucumber.api.testng.PickleEventWrapper, cucumber.api.testng.CucumberFeatureWrapper)[pri:0, instance:com.testautomation.TestRunner.TestRunner@33afa13b]" name="feature" duration-ms="85797" started-at="2020-03-06T17:23:50Z" data-provider="features" finished-at="2020-03-06T17:25:16Z">
          <params>
            <param index="0">
              <value>
                <![CDATA["To validate first option"]]>
              </value>
            </param>
            <param index="1">
              <value>
                <![CDATA["To verify the four options of retirement goal"]]>
              </value>
            </param>
          </params>
          <reporter-output>
          </reporter-output>
        </test-method> <!-- feature -->
        <test-method status="PASS" signature="feature(cucumber.api.testng.PickleEventWrapper, cucumber.api.testng.CucumberFeatureWrapper)[pri:0, instance:com.testautomation.TestRunner.TestRunner@33afa13b]" name="feature" duration-ms="81285" started-at="2020-03-06T17:25:16Z" data-provider="features" finished-at="2020-03-06T17:26:37Z">
          <params>
            <param index="0">
              <value>
                <![CDATA["To validate second option"]]>
              </value>
            </param>
            <param index="1">
              <value>
                <![CDATA["To verify the four options of retirement goal"]]>
              </value>
            </param>
          </params>
          <reporter-output>
          </reporter-output>
        </test-method> <!-- feature -->
        <test-method status="PASS" signature="feature(cucumber.api.testng.PickleEventWrapper, cucumber.api.testng.CucumberFeatureWrapper)[pri:0, instance:com.testautomation.TestRunner.TestRunner@33afa13b]" name="feature" duration-ms="80219" started-at="2020-03-06T17:26:37Z" data-provider="features" finished-at="2020-03-06T17:27:58Z">
          <params>
            <param index="0">
              <value>
                <![CDATA["To validate third option"]]>
              </value>
            </param>
            <param index="1">
              <value>
                <![CDATA["To verify the four options of retirement goal"]]>
              </value>
            </param>
          </params>
          <reporter-output>
          </reporter-output>
        </test-method> <!-- feature -->
        <test-method status="PASS" signature="feature(cucumber.api.testng.PickleEventWrapper, cucumber.api.testng.CucumberFeatureWrapper)[pri:0, instance:com.testautomation.TestRunner.TestRunner@33afa13b]" name="feature" duration-ms="80533" started-at="2020-03-06T17:27:58Z" data-provider="features" finished-at="2020-03-06T17:29:18Z">
          <params>
            <param index="0">
              <value>
                <![CDATA["To validate fourth option"]]>
              </value>
            </param>
            <param index="1">
              <value>
                <![CDATA["To verify the four options of retirement goal"]]>
              </value>
            </param>
          </params>
          <reporter-output>
          </reporter-output>
        </test-method> <!-- feature -->
        <test-method status="PASS" signature="tearDownClass()[pri:0, instance:com.testautomation.TestRunner.TestRunner@33afa13b]" name="tearDownClass" is-config="true" duration-ms="67" started-at="2020-03-06T17:29:18Z" finished-at="2020-03-06T17:29:18Z">
          <reporter-output>
          </reporter-output>
        </test-method> <!-- tearDownClass -->
      </class> <!-- com.testautomation.TestRunner.TestRunner -->
    </test> <!-- Test -->
  </suite> <!-- Suite -->
</testng-results>
